<?xml version="1.0" encoding="UTF-8"?>
<testsuite name="ar.fiuba.tdd.tp.MainTests" tests="1" skipped="0" failures="0" errors="0" timestamp="2016-09-18T20:31:35" hostname="BL" time="0.002">
  <properties/>
  <testcase name="test" classname="ar.fiuba.tdd.tp.MainTests" time="0.002"/>
  <system-out><![CDATA[]]></system-out>
  <system-err><![CDATA[]]></system-err>
</testsuite>
